<?xml version="1.0" encoding="UTF-8"?>
<!-- Generated by org.testng.reporters.JUnitXMLReporter -->
<testsuite hostname="DESKTOP-27L8JE7" ignored="0" name="ChromeTest" tests="4" failures="1" timestamp="03 Aug 2021 02:53:04 GMT" time="83.761" errors="0">
  <testcase name="@BeforeMethod beforeMethod" time="3.99" classname="com.project.July7_30AM_Maven_SeleniumBatch.RadioButton1">
    <failure type="org.openqa.selenium.InvalidArgumentException" message="invalid argument: user data directory is already in use, please specify a unique value for --user-data-dir argument, or don&amp;apos;t use --user-data-dir
Build info: version: &amp;apos;3.141.59&amp;apos;, revision: &amp;apos;e82be7d358&amp;apos;, time: &amp;apos;2018-11-14T08:17:03&amp;apos;
System info: host: &amp;apos;DESKTOP-27L8JE7&amp;apos;, ip: &amp;apos;10.0.0.5&amp;apos;, os.name: &amp;apos;Windows 10&amp;apos;, os.arch: &amp;apos;amd64&amp;apos;, os.version: &amp;apos;10.0&amp;apos;, java.version: &amp;apos;1.8.0_241&amp;apos;
Driver info: driver.version: ChromeDriver
remote stacktrace: Backtrace:
	Ordinal0 [0x00B43733+2504499]
	Ordinal0 [0x00ADC401+2081793]
	Ordinal0 [0x009E2628+1058344]
	Ordinal0 [0x009FD57A+1168762]
	Ordinal0 [0x009F9DC3+1154499]
	Ordinal0 [0x00A29B82+1350530]
	Ordinal0 [0x00A297DA+1349594]
	Ordinal0 [0x00A25D4B+1334603]
	Ordinal0 [0x00A022B4+1188532]
	Ordinal0 [0x00A03149+1192265]
	GetHandleVerifier [0x00CBFB8C+1512252]
	GetHandleVerifier [0x00D6B0DF+2214031]
	GetHandleVerifier [0x00BC4BC3+484211]
	GetHandleVerifier [0x00BC3E69+480793]
	Ordinal0 [0x00AE218D+2105741]
	Ordinal0 [0x00AE66E8+2123496]
	Ordinal0 [0x00AE6827+2123815]
	Ordinal0 [0x00AEFB73+2161523]
	BaseThreadInitThunk [0x7651FA29+25]
	RtlGetAppContainerNamedObjectPath [0x771A7A7E+286]
	RtlGetAppContainerNamedObjectPath [0x771A7A4E+238]
">
      <![CDATA[org.openqa.selenium.InvalidArgumentException: invalid argument: user data directory is already in use, please specify a unique value for --user-data-dir argument, or don't use --user-data-dir
Build info: version: '3.141.59', revision: 'e82be7d358', time: '2018-11-14T08:17:03'
System info: host: 'DESKTOP-27L8JE7', ip: '10.0.0.5', os.name: 'Windows 10', os.arch: 'amd64', os.version: '10.0', java.version: '1.8.0_241'
Driver info: driver.version: ChromeDriver
remote stacktrace: Backtrace:
Ordinal0 [0x00B43733+2504499]
Ordinal0 [0x00ADC401+2081793]
Ordinal0 [0x009E2628+1058344]
Ordinal0 [0x009FD57A+1168762]
Ordinal0 [0x009F9DC3+1154499]
Ordinal0 [0x00A29B82+1350530]
Ordinal0 [0x00A297DA+1349594]
Ordinal0 [0x00A25D4B+1334603]
Ordinal0 [0x00A022B4+1188532]
Ordinal0 [0x00A03149+1192265]
GetHandleVerifier [0x00CBFB8C+1512252]
GetHandleVerifier [0x00D6B0DF+2214031]
GetHandleVerifier [0x00BC4BC3+484211]
GetHandleVerifier [0x00BC3E69+480793]
Ordinal0 [0x00AE218D+2105741]
Ordinal0 [0x00AE66E8+2123496]
Ordinal0 [0x00AE6827+2123815]
Ordinal0 [0x00AEFB73+2161523]
BaseThreadInitThunk [0x7651FA29+25]
RtlGetAppContainerNamedObjectPath [0x771A7A7E+286]
RtlGetAppContainerNamedObjectPath [0x771A7A4E+238]

at org.openqa.selenium.remote.W3CHandshakeResponse.lambda$errorHandler$0(W3CHandshakeResponse.java:62)
at org.openqa.selenium.remote.HandshakeResponse.lambda$getResponseFunction$0(HandshakeResponse.java:30)
at org.openqa.selenium.remote.ProtocolHandshake.lambda$createSession$0(ProtocolHandshake.java:126)
at java.util.stream.ReferencePipeline$3$1.accept(Unknown Source)
at java.util.Spliterators$ArraySpliterator.tryAdvance(Unknown Source)
at java.util.stream.ReferencePipeline.forEachWithCancel(Unknown Source)
at java.util.stream.AbstractPipeline.copyIntoWithCancel(Unknown Source)
at java.util.stream.AbstractPipeline.copyInto(Unknown Source)
at java.util.stream.AbstractPipeline.wrapAndCopyInto(Unknown Source)
at java.util.stream.FindOps$FindOp.evaluateSequential(Unknown Source)
at java.util.stream.AbstractPipeline.evaluate(Unknown Source)
at java.util.stream.ReferencePipeline.findFirst(Unknown Source)
at org.openqa.selenium.remote.ProtocolHandshake.createSession(ProtocolHandshake.java:128)
at org.openqa.selenium.remote.ProtocolHandshake.createSession(ProtocolHandshake.java:74)
at org.openqa.selenium.remote.HttpCommandExecutor.execute(HttpCommandExecutor.java:136)
at org.openqa.selenium.remote.service.DriverCommandExecutor.execute(DriverCommandExecutor.java:83)
at org.openqa.selenium.remote.RemoteWebDriver.execute(RemoteWebDriver.java:552)
at org.openqa.selenium.remote.RemoteWebDriver.startSession(RemoteWebDriver.java:213)
at org.openqa.selenium.remote.RemoteWebDriver.<init>(RemoteWebDriver.java:131)
at org.openqa.selenium.chrome.ChromeDriver.<init>(ChromeDriver.java:181)
at org.openqa.selenium.chrome.ChromeDriver.<init>(ChromeDriver.java:168)
at org.openqa.selenium.chrome.ChromeDriver.<init>(ChromeDriver.java:157)
at com.project.July7_30AM_Maven_SeleniumBatch.BaseTest.launch(BaseTest.java:88)
at com.project.July7_30AM_Maven_SeleniumBatch.RadioButton1.beforeMethod(RadioButton1.java:26)
at java.util.concurrent.FutureTask.run(Unknown Source)
at java.util.concurrent.ThreadPoolExecutor.runWorker(Unknown Source)
at java.util.concurrent.ThreadPoolExecutor$Worker.run(Unknown Source)
at java.lang.Thread.run(Unknown Source)
... Removed 23 stack frames]]>
    </failure>
  </testcase> <!-- @BeforeMethod beforeMethod -->
  <testcase name="@AfterMethod afterMethod" time="0.0" classname="com.project.July7_30AM_Maven_SeleniumBatch.RadioButton1">
    <skipped/>
  </testcase> <!-- @AfterMethod afterMethod -->
  <testcase name="@BeforeMethod beforeMethod" time="3.159" classname="com.project.July7_30AM_Maven_SeleniumBatch.CheckBox1">
    <failure type="org.openqa.selenium.InvalidArgumentException" message="invalid argument: user data directory is already in use, please specify a unique value for --user-data-dir argument, or don&amp;apos;t use --user-data-dir
Build info: version: &amp;apos;3.141.59&amp;apos;, revision: &amp;apos;e82be7d358&amp;apos;, time: &amp;apos;2018-11-14T08:17:03&amp;apos;
System info: host: &amp;apos;DESKTOP-27L8JE7&amp;apos;, ip: &amp;apos;10.0.0.5&amp;apos;, os.name: &amp;apos;Windows 10&amp;apos;, os.arch: &amp;apos;amd64&amp;apos;, os.version: &amp;apos;10.0&amp;apos;, java.version: &amp;apos;1.8.0_241&amp;apos;
Driver info: driver.version: ChromeDriver
remote stacktrace: Backtrace:
	Ordinal0 [0x00B43733+2504499]
	Ordinal0 [0x00ADC401+2081793]
	Ordinal0 [0x009E2628+1058344]
	Ordinal0 [0x009FD57A+1168762]
	Ordinal0 [0x009F9DC3+1154499]
	Ordinal0 [0x00A29B82+1350530]
	Ordinal0 [0x00A297DA+1349594]
	Ordinal0 [0x00A25D4B+1334603]
	Ordinal0 [0x00A022B4+1188532]
	Ordinal0 [0x00A03149+1192265]
	GetHandleVerifier [0x00CBFB8C+1512252]
	GetHandleVerifier [0x00D6B0DF+2214031]
	GetHandleVerifier [0x00BC4BC3+484211]
	GetHandleVerifier [0x00BC3E69+480793]
	Ordinal0 [0x00AE218D+2105741]
	Ordinal0 [0x00AE66E8+2123496]
	Ordinal0 [0x00AE6827+2123815]
	Ordinal0 [0x00AEFB73+2161523]
	BaseThreadInitThunk [0x7651FA29+25]
	RtlGetAppContainerNamedObjectPath [0x771A7A7E+286]
	RtlGetAppContainerNamedObjectPath [0x771A7A4E+238]
">
      <![CDATA[org.openqa.selenium.InvalidArgumentException: invalid argument: user data directory is already in use, please specify a unique value for --user-data-dir argument, or don't use --user-data-dir
Build info: version: '3.141.59', revision: 'e82be7d358', time: '2018-11-14T08:17:03'
System info: host: 'DESKTOP-27L8JE7', ip: '10.0.0.5', os.name: 'Windows 10', os.arch: 'amd64', os.version: '10.0', java.version: '1.8.0_241'
Driver info: driver.version: ChromeDriver
remote stacktrace: Backtrace:
Ordinal0 [0x00B43733+2504499]
Ordinal0 [0x00ADC401+2081793]
Ordinal0 [0x009E2628+1058344]
Ordinal0 [0x009FD57A+1168762]
Ordinal0 [0x009F9DC3+1154499]
Ordinal0 [0x00A29B82+1350530]
Ordinal0 [0x00A297DA+1349594]
Ordinal0 [0x00A25D4B+1334603]
Ordinal0 [0x00A022B4+1188532]
Ordinal0 [0x00A03149+1192265]
GetHandleVerifier [0x00CBFB8C+1512252]
GetHandleVerifier [0x00D6B0DF+2214031]
GetHandleVerifier [0x00BC4BC3+484211]
GetHandleVerifier [0x00BC3E69+480793]
Ordinal0 [0x00AE218D+2105741]
Ordinal0 [0x00AE66E8+2123496]
Ordinal0 [0x00AE6827+2123815]
Ordinal0 [0x00AEFB73+2161523]
BaseThreadInitThunk [0x7651FA29+25]
RtlGetAppContainerNamedObjectPath [0x771A7A7E+286]
RtlGetAppContainerNamedObjectPath [0x771A7A4E+238]

at org.openqa.selenium.remote.W3CHandshakeResponse.lambda$errorHandler$0(W3CHandshakeResponse.java:62)
at org.openqa.selenium.remote.HandshakeResponse.lambda$getResponseFunction$0(HandshakeResponse.java:30)
at org.openqa.selenium.remote.ProtocolHandshake.lambda$createSession$0(ProtocolHandshake.java:126)
at java.util.stream.ReferencePipeline$3$1.accept(Unknown Source)
at java.util.Spliterators$ArraySpliterator.tryAdvance(Unknown Source)
at java.util.stream.ReferencePipeline.forEachWithCancel(Unknown Source)
at java.util.stream.AbstractPipeline.copyIntoWithCancel(Unknown Source)
at java.util.stream.AbstractPipeline.copyInto(Unknown Source)
at java.util.stream.AbstractPipeline.wrapAndCopyInto(Unknown Source)
at java.util.stream.FindOps$FindOp.evaluateSequential(Unknown Source)
at java.util.stream.AbstractPipeline.evaluate(Unknown Source)
at java.util.stream.ReferencePipeline.findFirst(Unknown Source)
at org.openqa.selenium.remote.ProtocolHandshake.createSession(ProtocolHandshake.java:128)
at org.openqa.selenium.remote.ProtocolHandshake.createSession(ProtocolHandshake.java:74)
at org.openqa.selenium.remote.HttpCommandExecutor.execute(HttpCommandExecutor.java:136)
at org.openqa.selenium.remote.service.DriverCommandExecutor.execute(DriverCommandExecutor.java:83)
at org.openqa.selenium.remote.RemoteWebDriver.execute(RemoteWebDriver.java:552)
at org.openqa.selenium.remote.RemoteWebDriver.startSession(RemoteWebDriver.java:213)
at org.openqa.selenium.remote.RemoteWebDriver.<init>(RemoteWebDriver.java:131)
at org.openqa.selenium.chrome.ChromeDriver.<init>(ChromeDriver.java:181)
at org.openqa.selenium.chrome.ChromeDriver.<init>(ChromeDriver.java:168)
at org.openqa.selenium.chrome.ChromeDriver.<init>(ChromeDriver.java:157)
at com.project.July7_30AM_Maven_SeleniumBatch.BaseTest.launch(BaseTest.java:88)
at com.project.July7_30AM_Maven_SeleniumBatch.CheckBox1.beforeMethod(CheckBox1.java:26)
at java.util.concurrent.FutureTask.run(Unknown Source)
at java.util.concurrent.ThreadPoolExecutor.runWorker(Unknown Source)
at java.util.concurrent.ThreadPoolExecutor$Worker.run(Unknown Source)
at java.lang.Thread.run(Unknown Source)
... Removed 23 stack frames]]>
    </failure>
  </testcase> <!-- @BeforeMethod beforeMethod -->
  <testcase name="@AfterMethod afterMethod" time="0.0" classname="com.project.July7_30AM_Maven_SeleniumBatch.CheckBox1">
    <skipped/>
  </testcase> <!-- @AfterMethod afterMethod -->
  <testcase name="linktesting1" time="6.955" classname="com.project.July7_30AM_Maven_SeleniumBatch.LinksTesting1"/>
  <testcase name="amazon" time="30.118" classname="com.project.July7_30AM_Maven_SeleniumBatch.TNG_003">
    <failure type="org.openqa.selenium.NoSuchSessionException" message="Session ID is null. Using WebDriver after calling quit()?
Build info: version: &amp;apos;3.141.59&amp;apos;, revision: &amp;apos;e82be7d358&amp;apos;, time: &amp;apos;2018-11-14T08:17:03&amp;apos;
System info: host: &amp;apos;DESKTOP-27L8JE7&amp;apos;, ip: &amp;apos;10.0.0.5&amp;apos;, os.name: &amp;apos;Windows 10&amp;apos;, os.arch: &amp;apos;amd64&amp;apos;, os.version: &amp;apos;10.0&amp;apos;, java.version: &amp;apos;1.8.0_241&amp;apos;
Driver info: driver.version: RemoteWebDriver">
      <![CDATA[org.openqa.selenium.NoSuchSessionException: Session ID is null. Using WebDriver after calling quit()?
Build info: version: '3.141.59', revision: 'e82be7d358', time: '2018-11-14T08:17:03'
System info: host: 'DESKTOP-27L8JE7', ip: '10.0.0.5', os.name: 'Windows 10', os.arch: 'amd64', os.version: '10.0', java.version: '1.8.0_241'
Driver info: driver.version: RemoteWebDriver
at org.openqa.selenium.remote.HttpCommandExecutor.execute(HttpCommandExecutor.java:125)
at org.openqa.selenium.remote.service.DriverCommandExecutor.execute(DriverCommandExecutor.java:83)
at org.openqa.selenium.remote.RemoteWebDriver.execute(RemoteWebDriver.java:552)
at org.openqa.selenium.remote.RemoteWebDriver.findElement(RemoteWebDriver.java:323)
at org.openqa.selenium.remote.RemoteWebDriver.findElementById(RemoteWebDriver.java:372)
at org.openqa.selenium.By$ById.findElement(By.java:188)
at org.openqa.selenium.remote.RemoteWebDriver.findElement(RemoteWebDriver.java:315)
at com.project.July7_30AM_Maven_SeleniumBatch.BaseTest.getElement(BaseTest.java:172)
at com.project.July7_30AM_Maven_SeleniumBatch.BaseTest.selectOption(BaseTest.java:153)
at com.project.July7_30AM_Maven_SeleniumBatch.TNG_003.amazon(TNG_003.java:34)
at java.util.concurrent.FutureTask.run(Unknown Source)
at java.util.concurrent.ThreadPoolExecutor.runWorker(Unknown Source)
at java.util.concurrent.ThreadPoolExecutor$Worker.run(Unknown Source)
at java.lang.Thread.run(Unknown Source)
... Removed 16 stack frames]]>
    </failure>
  </testcase> <!-- amazon -->
  <testcase name="checkboxTest" time="0.0" classname="com.project.July7_30AM_Maven_SeleniumBatch.RadioButton1">
    <skipped/>
  </testcase> <!-- checkboxTest -->
  <testcase name="checkboxTest" time="0.0" classname="com.project.July7_30AM_Maven_SeleniumBatch.CheckBox1">
    <skipped/>
  </testcase> <!-- checkboxTest -->
</testsuite> <!-- ChromeTest -->
